<?xml version="1.0" encoding="UTF-8"?>
<!-- Generated by org.testng.reporters.JUnitXMLReporter -->
<testsuite ignored="2" hostname="LTIN191515" failures="0" tests="1" name="Test1" time="66.04" errors="0" timestamp="2024-02-12T18:31:31 IST">
  <testcase classname="testcase.TC3" name="thirdcase" time="16.464"/>
  <testcase classname="testcase.TC2" name="secondcase" time="0.0">
    <ignored/>
  </testcase> <!-- secondcase -->
  <testcase classname="testcase.TC1" name="makemytrip" time="0.0">
    <ignored/>
  </testcase> <!-- makemytrip -->
</testsuite> <!-- Test1 -->
