<?xml version="1.0" encoding="UTF-8"?>
<!-- Generated by org.testng.reporters.JUnitXMLReporter -->
<testsuite ignored="2" hostname="LTIN191515" failures="0" tests="1" name="Test1" time="74.036" errors="0" timestamp="2024-02-09T09:51:09 IST">
  <testcase classname="testcase.TC1" name="makemytrip" time="27.809"/>
  <testcase classname="testcase.TC3" name="thirdcase" time="0.0">
    <ignored/>
  </testcase> <!-- thirdcase -->
  <testcase classname="testcase.TC2" name="secondcase" time="0.0">
    <ignored/>
  </testcase> <!-- secondcase -->
</testsuite> <!-- Test1 -->
