<?xml version="1.0" encoding="UTF-8"?>
<testng-results ignored="0" total="1" passed="1" failed="0" skipped="0">
  <reporter-output>
  </reporter-output>
  <suite started-at="2024-02-09T09:49:43 IST" name="Suite" finished-at="2024-02-09T09:50:57 IST" duration-ms="74036">
    <groups>
      <group name="cabs">
        <method signature="TC1.makemytrip()[pri:1, instance:testcase.TC1@6c64cb25]" name="makemytrip" class="testcase.TC1"/>
      </group> <!-- cabs -->
    </groups>
    <test started-at="2024-02-09T09:49:43 IST" name="Test1" finished-at="2024-02-09T09:50:57 IST" duration-ms="74036">
      <class name="testcase.TC1">
        <test-method is-config="true" signature="setup(java.lang.String,java.lang.String)[pri:0, instance:testcase.TC1@6c64cb25]" started-at="2024-02-09T09:49:44 IST" name="setup" finished-at="2024-02-09T09:50:17 IST" duration-ms="32575" status="PASS">
          <params>
            <param index="0">
              <value>
                <![CDATA[Windows]]>
              </value>
            </param>
            <param index="1">
              <value>
                <![CDATA[chrome]]>
              </value>
            </param>
          </params>
          <reporter-output>
          </reporter-output>
        </test-method> <!-- setup -->
        <test-method signature="makemytrip()[pri:1, instance:testcase.TC1@6c64cb25]" started-at="2024-02-09T09:50:17 IST" name="makemytrip" finished-at="2024-02-09T09:50:45 IST" duration-ms="27809" status="PASS">
          <reporter-output>
          </reporter-output>
        </test-method> <!-- makemytrip -->
        <test-method is-config="true" signature="teardown()[pri:0, instance:testcase.TC1@6c64cb25]" started-at="2024-02-09T09:50:45 IST" name="teardown" finished-at="2024-02-09T09:50:57 IST" duration-ms="12167" status="PASS">
          <reporter-output>
          </reporter-output>
        </test-method> <!-- teardown -->
      </class> <!-- testcase.TC1 -->
    </test> <!-- Test1 -->
  </suite> <!-- Suite -->
</testng-results>
