<?xml version="1.0" encoding="UTF-8"?>
<testng-results ignored="0" total="1" passed="1" failed="0" skipped="0">
  <reporter-output>
  </reporter-output>
  <suite started-at="2024-02-12T18:30:06 IST" name="Suite" finished-at="2024-02-12T18:31:12 IST" duration-ms="66040">
    <groups>
      <group name="hotels">
        <method signature="TC3.thirdcase()[pri:3, instance:testcase.TC3@4e08711f]" name="thirdcase" class="testcase.TC3"/>
      </group> <!-- hotels -->
    </groups>
    <test started-at="2024-02-12T18:30:06 IST" name="Test1" finished-at="2024-02-12T18:31:12 IST" duration-ms="66040">
      <class name="testcase.TC3">
        <test-method is-config="true" signature="setup(java.lang.String,java.lang.String)[pri:0, instance:testcase.TC3@4e08711f]" started-at="2024-02-12T18:30:07 IST" name="setup" finished-at="2024-02-12T18:30:43 IST" duration-ms="35566" status="PASS">
          <params>
            <param index="0">
              <value>
                <![CDATA[Windows]]>
              </value>
            </param>
            <param index="1">
              <value>
                <![CDATA[chrome]]>
              </value>
            </param>
          </params>
          <reporter-output>
          </reporter-output>
        </test-method> <!-- setup -->
        <test-method signature="thirdcase()[pri:3, instance:testcase.TC3@4e08711f]" started-at="2024-02-12T18:30:43 IST" name="thirdcase" finished-at="2024-02-12T18:31:00 IST" duration-ms="16464" status="PASS">
          <reporter-output>
          </reporter-output>
        </test-method> <!-- thirdcase -->
        <test-method is-config="true" signature="teardown()[pri:0, instance:testcase.TC3@4e08711f]" started-at="2024-02-12T18:31:00 IST" name="teardown" finished-at="2024-02-12T18:31:12 IST" duration-ms="12484" status="PASS">
          <reporter-output>
          </reporter-output>
        </test-method> <!-- teardown -->
      </class> <!-- testcase.TC3 -->
    </test> <!-- Test1 -->
  </suite> <!-- Suite -->
</testng-results>
